<?xml version="1.0" encoding="UTF-8"?>
<!-- Generated by org.testng.reporters.JUnitXMLReporter -->
<testsuite ignored="5" hostname="DESKTOP-SQQCEP7" failures="0" tests="0" time="0.009" errors="0" timestamp="2024-12-27T19:35:13 IST">
  <testcase classname="day14.payment" name="paymentindollars" time="0.0">
    <ignored/>
  </testcase> <!-- paymentindollars -->
  <testcase classname="day14.login" name="logintwitter" time="0.0">
    <ignored/>
  </testcase> <!-- logintwitter -->
  <testcase classname="day14.login" name="logininstagram" time="0.0">
    <ignored/>
  </testcase> <!-- logininstagram -->
  <testcase classname="day14.login" name="loginfacebook" time="0.0">
    <ignored/>
  </testcase> <!-- loginfacebook -->
  <testcase classname="day14.payment" name="paymentinruppes" time="0.0">
    <ignored/>
  </testcase> <!-- paymentinruppes -->
</testsuite>
