<?xml version="1.0" encoding="UTF-8"?>
<!-- Generated by org.testng.reporters.JUnitXMLReporter -->
<testsuite ignored="0" hostname="DESKTOP-SQQCEP7" failures="1" tests="2" name="Test" time="0.07" errors="0" timestamp="2024-12-27T21:59:33 IST">
  <testcase classname="day16.listeer" name="advancedserch" time="0.034"/>
  <testcase classname="day16.listeer" name="advancedserch" time="0.046">
    <failure type="java.lang.NullPointerException" message="Cannot invoke &amp;quot;com.aventstack.extentreports.ExtentReports.createTest(String)&amp;quot; because &amp;quot;this.extent&amp;quot; is null">
      <![CDATA[java.lang.NullPointerException: Cannot invoke "com.aventstack.extentreports.ExtentReports.createTest(String)" because "this.extent" is null
at day16.extentreportmanager.onTestSuccess(extentreportmanager.java:34)
at java.base/java.util.ArrayList.forEach(ArrayList.java:1597)
... Removed 24 stack frames]]>
    </failure>
  </testcase> <!-- advancedserch -->
</testsuite> <!-- Test -->
